28/09/2020 19:22:58 
Pose in the world is [[-0.45244382]
 [-0.02657731]
 [ 2.14911139]]

28/09/2020 19:22:58 
Pose in the world is [[-0.42755485]
 [ 0.03490809]
 [ 2.16817311]]

28/09/2020 19:22:59 
Pose in the world is [[-4.85574641e-01]
 [ 4.31175824e-04]
 [ 2.13519971e+00]]

28/09/2020 19:22:59 
Pose in the world is [[-0.41853151]
 [-0.02228213]
 [ 2.17203686]]

28/09/2020 19:22:59 
Pose in the world is [[-0.48040059]
 [ 0.00679134]
 [ 2.14913549]]

28/09/2020 19:22:59 
Pose in the world is [[-0.45353826]
 [ 0.04361701]
 [ 2.16864375]]

28/09/2020 19:22:59 
Pose in the world is [[-0.41991308]
 [-0.02354493]
 [ 2.17076817]]

28/09/2020 19:22:59 
Pose in the world is [[-0.42007824]
 [ 0.00558285]
 [ 2.17860581]]

28/09/2020 19:22:59 
Pose in the world is [[-0.41728922]
 [-0.02410003]
 [ 2.17173765]]

28/09/2020 19:22:59 
Pose in the world is [[-0.41576319]
 [ 0.00640419]
 [ 2.1809438 ]]

28/09/2020 19:22:59 
Pose in the world is [[-0.41432121]
 [ 0.00766368]
 [ 2.18220477]]

28/09/2020 19:22:59 
Pose in the world is [[-0.41286663]
 [ 0.00893029]
 [ 2.18347165]]

28/09/2020 19:22:59 
Pose in the world is [[-0.41139937]
 [ 0.01020419]
 [ 2.18474442]]

28/09/2020 19:23:00 
Pose in the world is [[-0.44469018]
 [ 0.05111619]
 [ 2.17576036]]

28/09/2020 19:23:00 
Pose in the world is [[-0.5235614 ]
 [ 0.08297321]
 [ 2.13670273]]

28/09/2020 19:23:00 
Pose in the world is [[-0.40994516]
 [ 0.01454814]
 [ 2.18746394]]

28/09/2020 19:23:00 
Pose in the world is [[-0.4448435 ]
 [ 0.02063976]
 [ 2.17552711]]

28/09/2020 19:23:00 
Pose in the world is [[-0.50633124]
 [ 0.0446986 ]
 [ 2.15111975]]

28/09/2020 19:23:00 
Pose in the world is [[-0.34156163]
 [ 0.02186218]
 [ 2.21263836]]

28/09/2020 19:23:00 
Pose in the world is [[-0.54755489]
 [ 0.09070827]
 [ 2.12832753]]

28/09/2020 19:23:00 
Pose in the world is [[-0.3414684 ]
 [ 0.02570499]
 [ 2.21414195]]

28/09/2020 19:23:00 
Pose in the world is [[-0.4236399 ]
 [ 0.04558174]
 [ 2.1746358 ]]

28/09/2020 19:23:01 
Pose in the world is [[-0.48223734]
 [ 0.01250656]
 [ 2.14329183]]

28/09/2020 19:23:01 
Pose in the world is [[-0.490105  ]
 [ 0.03908054]
 [ 2.14760008]]

28/09/2020 19:23:01 
Pose in the world is [[-0.49124337]
 [ 0.06724128]
 [ 2.1487014 ]]

28/09/2020 19:23:01 
Pose in the world is [[-0.51909976]
 [ 0.06923957]
 [ 2.13657168]]

28/09/2020 19:23:01 
Pose in the world is [[-0.49413162]
 [ 0.04077886]
 [ 2.14650353]]

28/09/2020 19:23:01 
Pose in the world is [[-0.47959495]
 [ 0.02504338]
 [ 2.15892998]]

28/09/2020 19:23:01 
Pose in the world is [[-0.49528124]
 [ 0.06859857]
 [ 2.14755492]]

28/09/2020 19:23:01 
Pose in the world is [[-0.48094212]
 [ 0.02657124]
 [ 2.15907634]]

28/09/2020 19:23:01 
Pose in the world is [[-0.48094212]
 [ 0.02657124]
 [ 2.15907634]]

28/09/2020 19:23:01 
Pose in the world is [[-0.38373774]
 [-0.00450185]
 [ 2.19388019]]

28/09/2020 19:23:01 
Pose in the world is [[-0.48004853]
 [ 0.02953519]
 [ 2.15962077]]

28/09/2020 19:23:02 
Pose in the world is [[-0.45343694]
 [-0.00643155]
 [ 2.16727471]]

28/09/2020 19:23:02 
Pose in the world is [[-0.48353202]
 [-0.00396016]
 [ 2.15466173]]

28/09/2020 19:23:02 
Pose in the world is [[-0.50333055]
 [-0.02620846]
 [ 2.14926376]]

28/09/2020 19:23:02 
Pose in the world is [[-4.76836507e-01]
 [ 3.90489714e-04]
 [ 2.16847415e+00]]

28/09/2020 19:23:02 
Pose in the world is [[-0.54835136]
 [-0.0678502 ]
 [ 2.12808387]]

28/09/2020 19:23:02 
Pose in the world is [[-0.60812057]
 [-0.07694043]
 [ 2.10204725]]

28/09/2020 19:23:02 
Pose in the world is [[-0.46375275]
 [ 0.04375511]
 [ 2.16442521]]

28/09/2020 19:23:02 
Pose in the world is [[-0.52200445]
 [ 0.0368421 ]
 [ 2.13778843]]

28/09/2020 19:23:02 
Pose in the world is [[-0.52300862]
 [ 0.0356096 ]
 [ 2.13664043]]

28/09/2020 19:23:02 
Pose in the world is [[-0.5097944 ]
 [-0.01017383]
 [ 2.14551131]]

28/09/2020 19:23:02 
Pose in the world is [[-0.34294011]
 [-0.08778083]
 [ 2.21245978]]

28/09/2020 19:23:02 
Pose in the world is [[-0.53516507]
 [-0.03831886]
 [ 2.1234768 ]]

28/09/2020 19:23:03 
Pose in the world is [[-0.46413104]
 [-0.0266488 ]
 [ 2.14922268]]

28/09/2020 19:23:03 
Pose in the world is [[-0.51393038]
 [-0.04530973]
 [ 2.13177289]]

28/09/2020 19:23:03 
Pose in the world is [[-5.48859746e-01]
 [-2.24862373e-04]
 [ 2.11327204e+00]]

28/09/2020 19:23:03 
Pose in the world is [[-5.48859746e-01]
 [-2.24862373e-04]
 [ 2.11327204e+00]]

28/09/2020 19:23:03 
Pose in the world is [[-5.48859746e-01]
 [-2.24862373e-04]
 [ 2.11327204e+00]]

28/09/2020 19:23:03 
Pose in the world is [[-0.51393038]
 [-0.04530973]
 [ 2.13177289]]

28/09/2020 19:23:03 
Pose in the world is [[-0.43784641]
 [ 0.03289541]
 [ 2.17031857]]

28/09/2020 19:23:03 
Pose in the world is [[-0.40339525]
 [-0.03271452]
 [ 2.17200399]]

28/09/2020 19:23:03 
Pose in the world is [[-4.38004753e-01]
 [ 7.62130017e-04]
 [ 2.16830658e+00]]

28/09/2020 19:23:03 
Pose in the world is [[-4.38004753e-01]
 [ 7.62130017e-04]
 [ 2.16830658e+00]]

28/09/2020 19:23:03 
Pose in the world is [[-4.38004753e-01]
 [ 7.62130017e-04]
 [ 2.16830658e+00]]

28/09/2020 19:23:04 
Pose in the world is [[-4.38004753e-01]
 [ 7.62130017e-04]
 [ 2.16830658e+00]]

28/09/2020 19:23:04 
Pose in the world is [[-0.29312365]
 [-0.08678447]
 [ 2.20119659]]

28/09/2020 19:23:04 
Pose in the world is [[-0.38704941]
 [ 0.05850892]
 [ 2.18422937]]

28/09/2020 19:23:04 
Pose in the world is [[-0.32908084]
 [-0.04895677]
 [ 2.20100324]]

28/09/2020 19:23:04 
Pose in the world is [[-0.41832244]
 [ 0.01924948]
 [ 2.16429584]]

28/09/2020 19:23:04 
Pose in the world is [[-4.41993312e-01]
 [-1.97783974e-04]
 [ 2.16610252e+00]]

28/09/2020 19:23:04 
Pose in the world is [[-0.4304866 ]
 [-0.01766538]
 [ 2.1761076 ]]

28/09/2020 19:23:04 
Pose in the world is [[-0.44331885]
 [ 0.03285812]
 [ 2.16821685]]

28/09/2020 19:23:04 
Pose in the world is [[-4.44700143e-01]
 [ 6.73832132e-05]
 [ 2.16508724e+00]]

28/09/2020 19:23:04 
Pose in the world is [[-0.47543535]
 [ 0.03490988]
 [ 2.15553862]]

28/09/2020 19:23:05 
Pose in the world is [[-0.4430714 ]
 [-0.02839781]
 [ 2.15771928]]

28/09/2020 19:23:05 
Pose in the world is [[-0.4430714 ]
 [-0.02839781]
 [ 2.15771928]]

28/09/2020 19:23:05 
Pose in the world is [[-0.4430714 ]
 [-0.02839781]
 [ 2.15771928]]

28/09/2020 19:23:05 
Pose in the world is [[-0.33529002]
 [-0.00239798]
 [ 2.2039415 ]]

28/09/2020 19:23:06 
Pose in the world is [[-0.46552593]
 [-0.07248032]
 [ 2.48661179]]

28/09/2020 19:23:06 
Pose in the world is [[-0.48845242]
 [-0.05247891]
 [ 2.58081448]]

28/09/2020 19:23:06 
Pose in the world is [[-0.86139806]
 [ 0.04188164]
 [ 2.48906871]]

28/09/2020 19:23:06 
Pose in the world is [[-0.58542714]
 [ 0.00279301]
 [ 2.70365269]]

28/09/2020 19:23:06 
Pose in the world is [[-0.52128471]
 [ 0.08239842]
 [ 2.80009379]]

28/09/2020 19:23:06 
Pose in the world is [[-0.67909138]
 [ 0.074406  ]
 [ 2.80252678]]

28/09/2020 19:23:07 
Pose in the world is [[-0.66270121]
 [-0.01961391]
 [ 2.85884604]]

28/09/2020 19:23:07 
Pose in the world is [[-0.67568689]
 [-0.02785246]
 [ 2.89925421]]

28/09/2020 19:23:07 
Pose in the world is [[-0.64690419]
 [ 0.10140946]
 [ 2.93836805]]

28/09/2020 19:23:07 
Pose in the world is [[0.78170265]
 [0.20102676]
 [2.98081841]]

28/09/2020 19:23:07 
Pose in the world is [[-0.65370072]
 [ 0.09790447]
 [ 2.98303568]]

28/09/2020 19:23:07 
Pose in the world is [[-0.57101463]
 [-0.11556886]
 [ 3.02474361]]

28/09/2020 19:23:07 
Pose in the world is [[-0.54613159]
 [-0.15841944]
 [ 3.05132839]]

28/09/2020 19:23:07 
Pose in the world is [[0.80558236]
 [0.22442863]
 [3.06623166]]

28/09/2020 19:23:07 
Pose in the world is [[-0.56142671]
 [-0.11528996]
 [ 3.10090921]]

28/09/2020 19:23:07 
Pose in the world is [[-0.77002537]
 [ 0.01276313]
 [ 3.04199981]]

28/09/2020 19:23:07 
Pose in the world is [[-0.76874692]
 [ 0.01087823]
 [ 3.0418889 ]]

28/09/2020 19:23:08 
Pose in the world is [[-0.6261981 ]
 [-0.0288325 ]
 [ 3.09836185]]

28/09/2020 19:23:08 
Pose in the world is [[-0.6241372 ]
 [-0.02755121]
 [ 3.10012228]]

28/09/2020 19:23:08 
Pose in the world is [[-0.84277047]
 [ 0.09693033]
 [ 2.99836575]]

28/09/2020 19:23:08 
Pose in the world is [[-0.84148882]
 [ 0.09825595]
 [ 2.99996821]]

28/09/2020 19:23:08 
Pose in the world is [[-0.50592167]
 [ 0.02806859]
 [ 3.13096766]]

28/09/2020 19:23:08 
Pose in the world is [[-0.7313473 ]
 [-0.09292403]
 [ 3.04104156]]

28/09/2020 19:23:08 
Pose in the world is [[0.80156092]
 [0.23336112]
 [3.12192067]]

28/09/2020 19:23:08 
Pose in the world is [[-0.60998193]
 [-0.02234316]
 [ 3.11062325]]

28/09/2020 19:23:08 
Pose in the world is [[-0.75434182]
 [ 0.01898097]
 [ 3.05572595]]

28/09/2020 19:23:08 
Pose in the world is [[0.79908858]
 [0.23221758]
 [3.1237718 ]]

28/09/2020 19:23:08 
Pose in the world is [[0.79908858]
 [0.23221758]
 [3.1237718 ]]

28/09/2020 19:23:09 
Pose in the world is [[0.79908858]
 [0.23221758]
 [3.1237718 ]]

28/09/2020 19:23:09 
Pose in the world is [[0.72365557]
 [0.32362341]
 [3.12758886]]

28/09/2020 19:23:09 
Pose in the world is [[0.72365557]
 [0.32362341]
 [3.12758886]]

28/09/2020 19:23:09 
Pose in the world is [[-0.30962875]
 [-0.2656088 ]
 [ 3.15220691]]

28/09/2020 19:23:09 
Pose in the world is [[0.65310274]
 [0.53509496]
 [3.12833367]]

28/09/2020 19:23:09 
Pose in the world is [[-0.34512497]
 [-0.01648371]
 [ 3.18717277]]

28/09/2020 19:23:09 
Pose in the world is [[-0.69671807]
 [ 0.05987918]
 [ 3.0949012 ]]

28/09/2020 19:23:09 
Pose in the world is [[-0.61134263]
 [-0.0196989 ]
 [ 3.11088838]]

28/09/2020 19:23:09 
Pose in the world is [[-0.75332971]
 [ 0.0246331 ]
 [ 3.05664415]]

28/09/2020 19:23:09 
Pose in the world is [[-0.71641475]
 [-0.114824  ]
 [ 3.07390462]]

28/09/2020 19:23:10 
Pose in the world is [[-0.75468709]
 [-0.01445644]
 [ 3.0530225 ]]

28/09/2020 19:23:10 
Pose in the world is [[-0.68493086]
 [-0.09024793]
 [ 3.06309247]]

28/09/2020 19:23:10 
Pose in the world is [[-0.61142364]
 [ 0.03747496]
 [ 3.11268664]]

28/09/2020 19:23:10 
Pose in the world is [[-0.58130903]
 [-0.14917563]
 [ 3.12016508]]

28/09/2020 19:23:10 
Pose in the world is [[-0.58130903]
 [-0.14917563]
 [ 3.12016508]]

28/09/2020 19:23:10 
Pose in the world is [[-0.5320574 ]
 [-0.25621922]
 [ 3.10720687]]

28/09/2020 19:23:10 
Pose in the world is [[-0.3688632 ]
 [-0.21958226]
 [ 3.16964947]]

28/09/2020 19:23:10 
Pose in the world is [[-0.66317997]
 [ 0.08069975]
 [ 3.08007563]]

28/09/2020 19:23:10 
Pose in the world is [[-0.66317997]
 [ 0.08069975]
 [ 3.08007563]]

28/09/2020 19:23:10 
Pose in the world is [[-0.36991102]
 [-0.22396156]
 [ 3.16855029]]

28/09/2020 19:23:10 
Pose in the world is [[-0.5433547 ]
 [-0.18318997]
 [ 3.10024463]]

28/09/2020 19:23:10 
Pose in the world is [[0.80532364]
 [0.23820769]
 [3.11789315]]

28/09/2020 19:23:11 
Pose in the world is [[0.80532364]
 [0.23820769]
 [3.11789315]]

28/09/2020 19:23:11 
Pose in the world is [[0.80532364]
 [0.23820769]
 [3.11789315]]

28/09/2020 19:23:11 
Pose in the world is [[-0.52410928]
 [-0.16481237]
 [ 3.13333041]]

28/09/2020 19:23:11 
Pose in the world is [[-0.52017627]
 [-0.22539863]
 [ 3.1256822 ]]

28/09/2020 19:23:11 
Pose in the world is [[-0.52300588]
 [-0.16473917]
 [ 3.13392489]]

28/09/2020 19:23:11 
Pose in the world is [[-0.61599544]
 [-0.03262004]
 [ 3.1028548 ]]

28/09/2020 19:23:11 
Pose in the world is [[-0.61409073]
 [ 0.02490545]
 [ 3.10672194]]

28/09/2020 19:23:11 
Pose in the world is [[-0.37496168]
 [-0.31742673]
 [ 3.14581497]]

28/09/2020 19:23:11 
Pose in the world is [[-0.47204781]
 [ 0.05040884]
 [ 3.16367237]]

28/09/2020 19:23:11 
Pose in the world is [[0.59939104]
 [0.30310318]
 [3.19261502]]

28/09/2020 19:23:11 
Pose in the world is [[-0.62020505]
 [-0.03506596]
 [ 3.09930449]]

28/09/2020 19:23:12 
Pose in the world is [[0.81344332]
 [0.24865255]
 [3.10955607]]

28/09/2020 19:23:12 
Pose in the world is [[-0.59978738]
 [-0.01281772]
 [ 3.13432262]]

28/09/2020 19:23:12 
Pose in the world is [[-0.70033731]
 [ 0.09222328]
 [ 3.08741075]]

28/09/2020 19:23:12 
Pose in the world is [[-0.36986735]
 [-0.15297209]
 [ 3.16158236]]

28/09/2020 19:23:12 
Pose in the world is [[-0.29025508]
 [-0.328     ]
 [ 3.1619016 ]]

28/09/2020 19:23:12 
Pose in the world is [[0.59577944]
 [0.30214501]
 [3.19444343]]

28/09/2020 19:23:12 
Pose in the world is [[-0.61471676]
 [-0.03517667]
 [ 3.10256997]]

28/09/2020 19:23:12 
Pose in the world is [[0.80559495]
 [0.24442421]
 [3.11534101]]

28/09/2020 19:23:12 
Pose in the world is [[-0.66035287]
 [ 0.07262156]
 [ 3.0783927 ]]

28/09/2020 19:23:12 
Pose in the world is [[-0.61257653]
 [-0.03396698]
 [ 3.1043597 ]]

28/09/2020 19:23:12 
Pose in the world is [[0.8031901 ]
 [0.24336994]
 [3.11716009]]

28/09/2020 19:23:13 
Pose in the world is [[-0.68636389]
 [-0.10353822]
 [ 3.05748326]]

28/09/2020 19:23:13 
Pose in the world is [[-0.51951373]
 [-0.16688287]
 [ 3.13508834]]

28/09/2020 19:23:13 
Pose in the world is [[-0.32044691]
 [-0.27881702]
 [ 3.14251767]]

28/09/2020 19:23:13 
Pose in the world is [[-0.54292361]
 [-0.1293947 ]
 [ 3.10596331]]

28/09/2020 19:23:13 
Pose in the world is [[-0.54292361]
 [-0.1293947 ]
 [ 3.10596331]]

28/09/2020 19:23:13 
Pose in the world is [[-0.72435843]
 [-0.09906973]
 [ 3.04149408]]

28/09/2020 19:23:13 
Pose in the world is [[-0.54246351]
 [-0.12987355]
 [ 3.1058999 ]]

28/09/2020 19:23:14 
Pose in the world is [[-0.83385807]
 [ 0.09098782]
 [ 3.0017545 ]]

28/09/2020 19:23:14 
Pose in the world is [[-0.61345882]
 [-0.03773557]
 [ 3.10227896]]

28/09/2020 19:23:14 
Pose in the world is [[-0.61558213]
 [-0.03891479]
 [ 3.10049932]]

28/09/2020 19:23:14 
Pose in the world is [[-0.76653004]
 [-0.00716845]
 [ 3.01528819]]

28/09/2020 19:23:14 
Pose in the world is [[-0.58379732]
 [-0.06517894]
 [ 3.08179157]]

28/09/2020 19:23:15 
Pose in the world is [[-0.27405493]
 [-0.17215244]
 [ 3.16498343]]

28/09/2020 19:23:15 
Pose in the world is [[0.53319945]
 [0.24921171]
 [3.18973107]]

28/09/2020 19:23:15 
Pose in the world is [[0.39495605]
 [0.01658392]
 [3.21036395]]

28/09/2020 19:23:15 
Pose in the world is [[0.71152677]
 [0.10193552]
 [3.12803217]]

28/09/2020 19:23:15 
Pose in the world is [[ 0.67717854]
 [-0.00350798]
 [ 3.1539343 ]]

28/09/2020 19:23:15 
Pose in the world is [[0.68852259]
 [0.01915945]
 [3.15686265]]

28/09/2020 19:23:15 
Pose in the world is [[ 0.61497992]
 [-0.17772486]
 [ 3.15039233]]

28/09/2020 19:23:15 
Pose in the world is [[0.66080668]
 [0.11840851]
 [3.15038032]]

28/09/2020 19:23:15 
Pose in the world is [[ 0.63450372]
 [-0.13177907]
 [ 3.16049939]]

28/09/2020 19:23:16 
Pose in the world is [[ 0.74879701]
 [-0.08603136]
 [ 3.12690778]]

28/09/2020 19:23:16 
Pose in the world is [[ 0.60831375]
 [-0.02906121]
 [ 3.16247632]]

28/09/2020 19:23:16 
Pose in the world is [[ 0.61254779]
 [-0.00788734]
 [ 3.16477872]]

28/09/2020 19:23:16 
Pose in the world is [[ 0.79321523]
 [-0.06900018]
 [ 3.1006806 ]]

28/09/2020 19:23:16 
Pose in the world is [[ 0.90830242]
 [-0.10399149]
 [ 3.06751289]]

28/09/2020 19:23:16 
Pose in the world is [[ 0.80218579]
 [-0.06627294]
 [ 3.09818595]]

28/09/2020 19:23:16 
Pose in the world is [[ 0.57222328]
 [-0.09932675]
 [ 3.15854678]]

28/09/2020 19:23:16 
Pose in the world is [[ 0.80140485]
 [-0.12855499]
 [ 3.0906    ]]

28/09/2020 19:23:16 
Pose in the world is [[ 0.8707754 ]
 [-0.15272145]
 [ 3.07449467]]

28/09/2020 19:23:16 
Pose in the world is [[ 0.89003294]
 [-0.12564674]
 [ 3.04650988]]

28/09/2020 19:23:16 
Pose in the world is [[ 0.77915046]
 [-0.03317178]
 [ 3.0837564 ]]

28/09/2020 19:23:16 
Pose in the world is [[0.96316629]
 [0.02071492]
 [3.01501607]]

28/09/2020 19:23:17 
Pose in the world is [[0.87158634]
 [0.07651813]
 [3.04199823]]

28/09/2020 19:23:17 
Pose in the world is [[9.35532480e-01]
 [1.00240822e-03]
 [3.00192860e+00]]

28/09/2020 19:23:17 
Pose in the world is [[ 1.02082876]
 [-0.07699567]
 [ 2.96922476]]

28/09/2020 19:23:17 
Pose in the world is [[ 0.93195544]
 [-0.04120323]
 [ 2.99988954]]

28/09/2020 19:23:17 
Pose in the world is [[ 0.79477025]
 [-0.05845163]
 [ 3.05056709]]

28/09/2020 19:23:17 
Pose in the world is [[-0.69155926]
 [ 0.2377249 ]
 [ 3.03373491]]

28/09/2020 19:23:17 
Pose in the world is [[-0.29014935]
 [ 0.37277194]
 [ 3.14086659]]

28/09/2020 19:23:17 
Pose in the world is [[ 0.71056917]
 [-0.19387504]
 [ 3.07569756]]

28/09/2020 19:23:17 
Pose in the world is [[ 0.74681112]
 [-0.15945474]
 [ 3.07825477]]

28/09/2020 19:23:17 
Pose in the world is [[ 0.46075753]
 [-0.39529231]
 [ 3.06876224]]

28/09/2020 19:23:18 
Pose in the world is [[ 0.49532366]
 [-0.53396417]
 [ 3.00998391]]

28/09/2020 19:23:18 
Pose in the world is [[ 0.65245248]
 [-0.28600774]
 [ 3.04976445]]

28/09/2020 19:23:18 
Pose in the world is [[ 0.39813549]
 [-0.57899096]
 [ 3.02443113]]

28/09/2020 19:23:18 
Pose in the world is [[ 0.72078085]
 [-0.27749294]
 [ 3.03431593]]

28/09/2020 19:23:18 
Pose in the world is [[ 0.23149589]
 [-0.8767143 ]
 [ 2.92247862]]

28/09/2020 19:23:18 
Pose in the world is [[ 0.53043275]
 [-0.29704081]
 [ 3.09071774]]

28/09/2020 19:23:18 
Pose in the world is [[0.84191519]
 [0.02371684]
 [3.05189159]]

28/09/2020 19:23:18 
Pose in the world is [[-0.26503715]
 [ 0.38766875]
 [ 3.14391403]]

28/09/2020 19:23:18 
Pose in the world is [[ 0.77277998]
 [-0.06188427]
 [ 3.06144467]]

28/09/2020 19:23:18 
Pose in the world is [[ 0.77018964]
 [-0.05986024]
 [ 3.0633779 ]]

28/09/2020 19:23:18 
Pose in the world is [[ 0.8278204 ]
 [-0.22867441]
 [ 3.0226987 ]]

28/09/2020 19:23:18 
Pose in the world is [[ 0.82535576]
 [-0.22766517]
 [ 3.02470459]]

28/09/2020 19:23:19 
Pose in the world is [[ 0.51884473]
 [-0.21194979]
 [ 3.11238471]]

28/09/2020 19:23:19 
Pose in the world is [[ 0.94172971]
 [-0.18540486]
 [ 2.98537101]]

28/09/2020 19:23:19 
Pose in the world is [[ 0.89822875]
 [-0.03373336]
 [ 3.02003084]]

28/09/2020 19:23:19 
Pose in the world is [[ 0.89822875]
 [-0.03373336]
 [ 3.02003084]]

28/09/2020 19:23:19 
Pose in the world is [[0.83112742]
 [0.0344239 ]
 [3.06083848]]

28/09/2020 19:23:19 
Pose in the world is [[1.22515221]
 [0.09183767]
 [2.84008906]]

28/09/2020 19:23:19 
Pose in the world is [[ 0.74544574]
 [-0.03908092]
 [ 3.09314646]]

28/09/2020 19:23:19 
Pose in the world is [[-0.26530164]
 [ 0.39260988]
 [ 3.14220181]]

28/09/2020 19:23:19 
Pose in the world is [[-0.26530164]
 [ 0.39260988]
 [ 3.14220181]]

28/09/2020 19:23:19 
Pose in the world is [[ 0.74736994]
 [-0.03579421]
 [ 3.09379553]]

28/09/2020 19:23:20 
Pose in the world is [[0.60001213]
 [0.01565644]
 [3.12332234]]

28/09/2020 19:23:20 
Pose in the world is [[0.82091396]
 [0.05119683]
 [3.08452086]]

28/09/2020 19:23:20 
Pose in the world is [[-0.67158236]
 [ 0.23788444]
 [ 3.04294388]]

28/09/2020 19:23:20 
Pose in the world is [[ 0.74932735]
 [-0.03251592]
 [ 3.0944323 ]]

28/09/2020 19:23:20 
Pose in the world is [[ 0.74031886]
 [-0.09905366]
 [ 3.08868015]]

28/09/2020 19:23:20 
Pose in the world is [[0.61155144]
 [0.02003234]
 [3.12463711]]

28/09/2020 19:23:20 
Pose in the world is [[ 0.74223566]
 [-0.09557934]
 [ 3.08946718]]

28/09/2020 19:23:20 
Pose in the world is [[ 0.93982915]
 [-0.01379608]
 [ 3.0265238 ]]

28/09/2020 19:23:20 
Pose in the world is [[-0.6061308 ]
 [ 0.35524131]
 [ 3.04798503]]

28/09/2020 19:23:20 
Pose in the world is [[0.61390359]
 [0.03154513]
 [3.12745604]]

28/09/2020 19:23:20 
Pose in the world is [[ 0.74011458]
 [-0.08538656]
 [ 3.0950197 ]]

28/09/2020 19:23:21 
Pose in the world is [[-1.55821239e-03]
 [ 4.65604153e-01]
 [ 3.15756283e+00]]

28/09/2020 19:23:21 
Pose in the world is [[ 0.74700692]
 [-0.086203  ]
 [ 3.0959386 ]]

28/09/2020 19:23:21 
Pose in the world is [[ 0.74700692]
 [-0.086203  ]
 [ 3.0959386 ]]

28/09/2020 19:23:21 
Pose in the world is [[ 0.83406619]
 [-0.13748466]
 [ 3.04922168]]

28/09/2020 19:23:21 
Pose in the world is [[-0.67196936]
 [ 0.22258804]
 [ 3.05069712]]

28/09/2020 19:23:21 
Pose in the world is [[-0.67196936]
 [ 0.22258804]
 [ 3.05069712]]

28/09/2020 19:23:21 
Pose in the world is [[ 0.74260353]
 [-0.01002308]
 [ 3.10170547]]

28/09/2020 19:23:21 
Pose in the world is [[ 0.74260353]
 [-0.01002308]
 [ 3.10170547]]

28/09/2020 19:23:21 
Pose in the world is [[ 0.74950667]
 [-0.01778281]
 [ 3.10026145]]

28/09/2020 19:23:22 
Pose in the world is [[ 0.74950667]
 [-0.01778281]
 [ 3.10026145]]

28/09/2020 19:23:22 
Pose in the world is [[-0.25924061]
 [ 0.37174657]
 [ 3.1509269 ]]

28/09/2020 19:23:22 
Pose in the world is [[ 0.59110986]
 [-0.15321016]
 [ 3.12778516]]

28/09/2020 19:23:22 
Pose in the world is [[-0.26454156]
 [ 0.37265591]
 [ 3.14898069]]

28/09/2020 19:23:22 
Pose in the world is [[ 0.59473321]
 [-0.15462104]
 [ 3.12586207]]

28/09/2020 19:23:22 
Pose in the world is [[-0.67508458]
 [ 0.23279166]
 [ 3.04396792]]

28/09/2020 19:23:23 
Pose in the world is [[0.82566122]
 [0.05688979]
 [3.08507072]]

28/09/2020 19:23:23 
Pose in the world is [[-0.88110395]
 [-0.32558641]
 [ 2.80063893]]

28/09/2020 19:23:23 
Pose in the world is [[1.25260109]
 [0.42597227]
 [2.66435985]]

28/09/2020 19:23:23 
Pose in the world is [[ 0.79968948]
 [-0.00564308]
 [ 2.28157733]]

28/09/2020 19:23:24 
Pose in the world is [[ 0.69009814]
 [-0.09222994]
 [ 2.30191495]]

28/09/2020 19:23:24 
Pose in the world is [[0.61759707]
 [0.0050612 ]
 [2.33932499]]

28/09/2020 19:23:24 
Pose in the world is [[0.72733842]
 [0.05558148]
 [2.30429496]]

28/09/2020 19:23:24 
Pose in the world is [[0.63658822]
 [0.04681157]
 [2.32829975]]

28/09/2020 19:23:24 
Pose in the world is [[ 0.61772241]
 [-0.00584807]
 [ 2.34062822]]

28/09/2020 19:23:24 
Pose in the world is [[7.23465880e-01]
 [1.10645128e-03]
 [2.30345886e+00]]

28/09/2020 19:23:24 
Pose in the world is [[6.90747300e-01]
 [2.41003380e-05]
 [2.31668804e+00]]

28/09/2020 19:23:24 
Pose in the world is [[0.78073881]
 [0.04314238]
 [2.29557765]]

28/09/2020 19:23:24 
Pose in the world is [[0.74791219]
 [0.04709383]
 [2.31515867]]

28/09/2020 19:23:24 
Pose in the world is [[ 0.62708041]
 [-0.02066556]
 [ 2.36222585]]

28/09/2020 19:23:24 
Pose in the world is [[ 7.93687591e-01]
 [-1.60883883e-03]
 [ 2.31089679e+00]]

28/09/2020 19:23:25 
Pose in the world is [[ 0.79528224]
 [-0.00349103]
 [ 2.30924627]]

28/09/2020 19:23:25 
Pose in the world is [[0.76605929]
 [0.02541555]
 [2.32933564]]

28/09/2020 19:23:25 
Pose in the world is [[0.62734645]
 [0.06244452]
 [2.39062197]]

28/09/2020 19:23:25 
Pose in the world is [[ 0.72740837]
 [-0.0403629 ]
 [ 2.34581569]]

28/09/2020 19:23:25 
Pose in the world is [[ 0.73460215]
 [-0.01081947]
 [ 2.34471669]]

28/09/2020 19:23:25 
Pose in the world is [[ 0.75458664]
 [-0.02855955]
 [ 2.34862081]]

28/09/2020 19:23:25 
Pose in the world is [[ 0.57571714]
 [-0.01966178]
 [ 2.40576404]]

28/09/2020 19:23:25 
Pose in the world is [[0.82230906]
 [0.00907209]
 [2.3214581 ]]

28/09/2020 19:23:25 
Pose in the world is [[ 0.74307127]
 [-0.00615307]
 [ 2.3443386 ]]

28/09/2020 19:23:25 
Pose in the world is [[ 0.74008832]
 [-0.03450916]
 [ 2.34436928]]

28/09/2020 19:23:25 
Pose in the world is [[ 0.75363053]
 [-0.0101525 ]
 [ 2.32986156]]

28/09/2020 19:23:26 
Pose in the world is [[0.77583263]
 [0.0040592 ]
 [2.32317982]]

28/09/2020 19:23:26 
Pose in the world is [[0.69125244]
 [0.03031576]
 [2.35533305]]

28/09/2020 19:23:26 
Pose in the world is [[0.72732684]
 [0.03850116]
 [2.33920253]]

28/09/2020 19:23:26 
Pose in the world is [[0.66754796]
 [0.07331092]
 [2.35970619]]

28/09/2020 19:23:26 
Pose in the world is [[0.70965172]
 [0.03255235]
 [2.32524216]]

28/09/2020 19:23:26 
Pose in the world is [[0.70255246]
 [0.0070472 ]
 [2.32246583]]

28/09/2020 19:23:26 
Pose in the world is [[0.69689791]
 [0.01998606]
 [2.32990758]]

28/09/2020 19:23:26 
Pose in the world is [[0.67296411]
 [0.08329054]
 [2.33558386]]

28/09/2020 19:23:26 
Pose in the world is [[0.65572761]
 [0.02561908]
 [2.34743561]]

28/09/2020 19:23:26 
Pose in the world is [[ 0.78532839]
 [-0.03422437]
 [ 2.28060819]]

28/09/2020 19:23:26 
Pose in the world is [[ 0.81441994]
 [-0.01266045]
 [ 2.26635788]]

28/09/2020 19:23:27 
Pose in the world is [[ 7.73536673e-01]
 [-1.97366175e-03]
 [ 2.27679350e+00]]

28/09/2020 19:23:27 
Pose in the world is [[ 0.80030571]
 [-0.02876483]
 [ 2.26512219]]

28/09/2020 19:23:27 
Pose in the world is [[ 0.84769019]
 [-0.10622014]
 [ 2.22996853]]

28/09/2020 19:23:27 
Pose in the world is [[ 0.53116248]
 [-0.19196112]
 [ 2.36570692]]

28/09/2020 19:23:27 
Pose in the world is [[ 0.69152125]
 [-0.17660388]
 [ 2.30701801]]

28/09/2020 19:23:27 
Pose in the world is [[ 0.69579595]
 [-0.17920239]
 [ 2.30350635]]

28/09/2020 19:23:27 
Pose in the world is [[-0.46981041]
 [ 0.26710697]
 [ 2.30957354]]

28/09/2020 19:23:27 
Pose in the world is [[ 0.83138273]
 [-0.05283711]
 [ 2.24701398]]

28/09/2020 19:23:27 
Pose in the world is [[ 0.87927851]
 [-0.0739788 ]
 [ 2.21231822]]

28/09/2020 19:23:28 
Pose in the world is [[0.85413989]
 [0.00460772]
 [2.21954724]]

28/09/2020 19:23:28 
Pose in the world is [[ 0.87993356]
 [-0.02159511]
 [ 2.19688091]]

28/09/2020 19:23:28 
Pose in the world is [[-0.4479997 ]
 [ 0.27655454]
 [ 2.30325486]]

28/09/2020 19:23:28 
Pose in the world is [[ 0.79262691]
 [-0.10299393]
 [ 2.23958507]]

28/09/2020 19:23:28 
Pose in the world is [[ 0.7784885 ]
 [-0.14850699]
 [ 2.24510057]]

28/09/2020 19:23:28 
Pose in the world is [[-0.48453905]
 [ 0.33624991]
 [ 2.28160577]]

28/09/2020 19:23:28 
Pose in the world is [[ 0.65429285]
 [-0.03437424]
 [ 2.31491941]]

28/09/2020 19:23:28 
Pose in the world is [[ 0.69222469]
 [-0.06341843]
 [ 2.2912835 ]]

28/09/2020 19:23:28 
Pose in the world is [[ 0.61444599]
 [-0.03400693]
 [ 2.32892667]]

28/09/2020 19:23:28 
Pose in the world is [[ 0.7225505 ]
 [-0.02538443]
 [ 2.29036327]]

28/09/2020 19:23:28 
Pose in the world is [[ 0.74502651]
 [-0.07041726]
 [ 2.2820219 ]]

28/09/2020 19:23:29 
Pose in the world is [[ 0.67733098]
 [-0.08505304]
 [ 2.3065159 ]]

28/09/2020 19:23:29 
Pose in the world is [[ 0.61117964]
 [-0.08105752]
 [ 2.32356845]]

28/09/2020 19:23:29 
Pose in the world is [[ 0.61117964]
 [-0.08105752]
 [ 2.32356845]]

28/09/2020 19:23:29 
Pose in the world is [[6.50091304e-01]
 [6.98023932e-04]
 [2.32513748e+00]]

28/09/2020 19:23:29 
Pose in the world is [[ 0.76980433]
 [-0.07109253]
 [ 2.26958831]]

28/09/2020 19:23:29 
Pose in the world is [[ 0.7035836 ]
 [-0.04617832]
 [ 2.30781534]]

28/09/2020 19:23:29 
Pose in the world is [[ 0.65287097]
 [-0.03639295]
 [ 2.34461668]]

28/09/2020 19:23:29 
Pose in the world is [[ 0.70010396]
 [-0.03953523]
 [ 2.30610216]]

28/09/2020 19:23:29 
Pose in the world is [[0.63748217]
 [0.00979444]
 [2.33222083]]

28/09/2020 19:23:29 
Pose in the world is [[ 0.76392276]
 [-0.03627696]
 [ 2.27890905]]

28/09/2020 19:23:29 
Pose in the world is [[ 0.66846675]
 [-0.0451185 ]
 [ 2.31540683]]

28/09/2020 19:23:30 
Pose in the world is [[ 0.67505481]
 [-0.05459127]
 [ 2.3119159 ]]

28/09/2020 19:23:30 
Pose in the world is [[ 0.61272505]
 [-0.04445473]
 [ 2.32737126]]

28/09/2020 19:23:30 
Pose in the world is [[ 0.63409843]
 [-0.07078986]
 [ 2.32929595]]

28/09/2020 19:23:30 
Pose in the world is [[ 0.76960448]
 [-0.0475643 ]
 [ 2.27079118]]

28/09/2020 19:23:30 
Pose in the world is [[ 0.705374  ]
 [-0.01839871]
 [ 2.30748746]]

28/09/2020 19:23:30 
Pose in the world is [[ 0.73614544]
 [-0.01846972]
 [ 2.29463357]]

28/09/2020 19:23:31 
Pose in the world is [[ 0.7343982 ]
 [-0.10308799]
 [ 2.28722951]]

28/09/2020 19:23:31 
Pose in the world is [[ 0.66810338]
 [-0.10397688]
 [ 2.31307071]]

28/09/2020 19:23:31 
Pose in the world is [[ 0.73189924]
 [-0.07453128]
 [ 2.2740001 ]]

28/09/2020 19:23:31 
Pose in the world is [[ 0.64724848]
 [-0.15678967]
 [ 2.28167214]]

28/09/2020 19:23:31 
Pose in the world is [[ 0.55498927]
 [-0.10583068]
 [ 2.31141258]]

28/09/2020 19:23:32 
Pose in the world is [[ 0.6128875 ]
 [-0.16231808]
 [ 2.25340677]]

28/09/2020 19:23:32 
Pose in the world is [[ 0.42486809]
 [-0.19647317]
 [ 2.27483185]]

28/09/2020 19:23:32 
Pose in the world is [[ 0.67609325]
 [-0.13085187]
 [ 2.20561473]]

28/09/2020 19:23:32 
Pose in the world is [[ 0.49114438]
 [-0.19861844]
 [ 2.2209105 ]]

28/09/2020 19:23:32 
Pose in the world is [[ 0.60008225]
 [-0.14303233]
 [ 2.19072151]]

28/09/2020 19:23:34 
Pose in the world is [[-0.23169061]
 [ 0.13835656]
 [ 2.24897553]]

28/09/2020 19:23:34 
Pose in the world is [[-0.42546423]
 [ 0.21155362]
 [ 2.19258268]]

28/09/2020 19:23:34 
Pose in the world is [[-0.40330019]
 [ 0.22718649]
 [ 2.20458835]]

28/09/2020 19:23:34 
Pose in the world is [[-0.32075579]
 [ 0.32356034]
 [ 2.21712358]]

